Time:2016/8/3 11:11:14-Compile assembly:DynamicScripts.CsScript error:
File:e:\ServerTools\code\xuesheng\server\server\Script\CsScript\JsonProtocol\ResultData.cs, Line:22
Message:应输入 ;
File:e:\ServerTools\code\xuesheng\server\server\Script\CsScript\JsonProtocol\ResultData.cs, Line:22
Message:无效的表达式项“,”
File:e:\ServerTools\code\xuesheng\server\server\Script\CsScript\JsonProtocol\ResultData.cs, Line:22
Message:应输入 ;
File:e:\ServerTools\code\xuesheng\server\server\Script\CsScript\JsonProtocol\ResultData.cs, Line:23
Message:应输入 ;


Time:2016/8/3 11:11:14-Trace>>DoWatcherChanged error:System.Exception: The csharp script compile error
   在 ZyGames.Framework.Script.CSharpRuntimeScope.CompileCsharp()
   在 ZyGames.Framework.Script.CSharpRuntimeScope.InitCsharp()
   在 ZyGames.Framework.Script.ScriptEngines.DoWatcherChanged(Object state)


Time:2016/8/3 11:15:11-Compile assembly:DynamicScripts.CsScript error:
File:e:\ServerTools\code\xuesheng\server\server\Script\CsScript\JsonProtocol\ResultData.cs, Line:22
Message:应输入 ;
File:e:\ServerTools\code\xuesheng\server\server\Script\CsScript\JsonProtocol\ResultData.cs, Line:22
Message:无效的表达式项“,”
File:e:\ServerTools\code\xuesheng\server\server\Script\CsScript\JsonProtocol\ResultData.cs, Line:22
Message:应输入 ;
File:e:\ServerTools\code\xuesheng\server\server\Script\CsScript\JsonProtocol\ResultData.cs, Line:23
Message:应输入 ;


Time:2016/8/3 11:15:11-Trace>>DoWatcherChanged error:System.Exception: The csharp script compile error
   在 ZyGames.Framework.Script.CSharpRuntimeScope.CompileCsharp()
   在 ZyGames.Framework.Script.CSharpRuntimeScope.InitCsharp()
   在 ZyGames.Framework.Script.ScriptEngines.DoWatcherChanged(Object state)


Time:2016/8/3 11:16:15-Compile assembly:DynamicScripts.CsScript error:
File:e:\ServerTools\code\xuesheng\server\server\Script\CsScript\JsonProtocol\ResultData.cs, Line:22
Message:应输入 ;
File:e:\ServerTools\code\xuesheng\server\server\Script\CsScript\JsonProtocol\ResultData.cs, Line:22
Message:无效的表达式项“,”
File:e:\ServerTools\code\xuesheng\server\server\Script\CsScript\JsonProtocol\ResultData.cs, Line:22
Message:应输入 ;


Time:2016/8/3 11:16:15-Trace>>DoWatcherChanged error:System.Exception: The csharp script compile error
   在 ZyGames.Framework.Script.CSharpRuntimeScope.CompileCsharp()
   在 ZyGames.Framework.Script.CSharpRuntimeScope.InitCsharp()
   在 ZyGames.Framework.Script.ScriptEngines.DoWatcherChanged(Object state)


Time:2016/8/3 11:16:19-Compile assembly:DynamicScripts.CsScript error:
File:e:\ServerTools\code\xuesheng\server\server\Script\CsScript\JsonProtocol\ResultData.cs, Line:21
Message:当前上下文中不存在名称“gs”


Time:2016/8/3 11:16:19-Trace>>DoWatcherChanged error:System.Exception: The csharp script compile error
   在 ZyGames.Framework.Script.CSharpRuntimeScope.CompileCsharp()
   在 ZyGames.Framework.Script.CSharpRuntimeScope.InitCsharp()
   在 ZyGames.Framework.Script.ScriptEngines.DoWatcherChanged(Object state)


Time:2016/8/3 11:18:19-Compile assembly:DynamicScripts.CsScript error:
File:e:\ServerTools\code\xuesheng\server\server\Script\CsScript\JsonProtocol\ResultData.cs, Line:23
Message:当前上下文中不存在名称“gameStruct”
File:e:\ServerTools\code\xuesheng\server\server\Script\CsScript\JsonProtocol\ResultData.cs, Line:24
Message:当前上下文中不存在名称“gameStruct”


Time:2016/8/3 11:18:19-Trace>>DoWatcherChanged error:System.Exception: The csharp script compile error
   在 ZyGames.Framework.Script.CSharpRuntimeScope.CompileCsharp()
   在 ZyGames.Framework.Script.CSharpRuntimeScope.InitCsharp()
   在 ZyGames.Framework.Script.ScriptEngines.DoWatcherChanged(Object state)


Time:2016/8/3 11:23:37-Compile assembly:DynamicScripts.CsScript error:
File:e:\ServerTools\code\xuesheng\server\server\Script\CsScript\Action\Action1004.cs, Line:99
Message:语法错误，应输入“,”
File:e:\ServerTools\code\xuesheng\server\server\Script\CsScript\Action\Action1004.cs, Line:104
Message:应输入 ;
File:e:\ServerTools\code\xuesheng\server\server\Script\CsScript\Action\Action1004.cs, Line:104
Message:应输入 {


Time:2016/8/3 11:23:37-Trace>>DoWatcherChanged error:System.Exception: The csharp script compile error
   在 ZyGames.Framework.Script.CSharpRuntimeScope.CompileCsharp()
   在 ZyGames.Framework.Script.CSharpRuntimeScope.InitCsharp()
   在 ZyGames.Framework.Script.ScriptEngines.DoWatcherChanged(Object state)


Time:2016/8/3 11:26:24-Compile assembly:DynamicScripts.CsScript error:
File:e:\ServerTools\code\xuesheng\server\server\Script\CsScript\Action\Action1004.cs, Line:98
Message:语法错误，应输入“,”
File:e:\ServerTools\code\xuesheng\server\server\Script\CsScript\Action\Action1004.cs, Line:100
Message:应输入 ;
File:e:\ServerTools\code\xuesheng\server\server\Script\CsScript\Action\Action1004.cs, Line:100
Message:无效的表达式项“,”
File:e:\ServerTools\code\xuesheng\server\server\Script\CsScript\Action\Action1004.cs, Line:100
Message:应输入 ;
File:e:\ServerTools\code\xuesheng\server\server\Script\CsScript\Action\Action1004.cs, Line:101
Message:应输入 ;
File:e:\ServerTools\code\xuesheng\server\server\Script\CsScript\Action\Action1004.cs, Line:101
Message:无效的表达式项“,”
File:e:\ServerTools\code\xuesheng\server\server\Script\CsScript\Action\Action1004.cs, Line:101
Message:应输入 ;
File:e:\ServerTools\code\xuesheng\server\server\Script\CsScript\Action\Action1004.cs, Line:106
Message:应输入 ;
File:e:\ServerTools\code\xuesheng\server\server\Script\CsScript\Action\Action1004.cs, Line:106
Message:应输入 {


Time:2016/8/3 11:26:24-Trace>>DoWatcherChanged error:System.Exception: The csharp script compile error
   在 ZyGames.Framework.Script.CSharpRuntimeScope.CompileCsharp()
   在 ZyGames.Framework.Script.CSharpRuntimeScope.InitCsharp()
   在 ZyGames.Framework.Script.ScriptEngines.DoWatcherChanged(Object state)


Time:2016/8/3 11:49:46-Compile assembly:DynamicScripts.CsScript error:
File:e:\ServerTools\code\xuesheng\server\server\Script\CsScript\Action\Action3002.cs, Line:61
Message:当前上下文中不存在名称“Body”
File:e:\ServerTools\code\xuesheng\server\server\Script\CsScript\Action\Action3001.cs, Line:50
Message:当前上下文中不存在名称“Body”


Time:2016/8/3 11:49:46-Trace>>Script init error:System.Exception: The csharp script compile error
   在 ZyGames.Framework.Script.CSharpRuntimeScope.CompileCsharp()
   在 ZyGames.Framework.Script.CSharpRuntimeScope.Load()
   在 ZyGames.Framework.Script.CSharpRuntimeScope.Init()
   在 ZyGames.Framework.Script.ScriptRuntimeDomain.CreateScope(ScriptSettupInfo settupInfo)
   在 ZyGames.Framework.Script.ScriptEngines.InitScriptRuntimeScope()
   在 ZyGames.Framework.Script.ScriptEngines.Initialize().


Time:2016/8/3 11:49:46-Trace>>OnInit error:System.Exception: The csharp script compile error
   在 ZyGames.Framework.Script.ScriptEngines.Initialize()
   在 ZyGames.Framework.Game.Runtime.GameEnvironment.Start(EnvironmentSetting setting, CacheSetting cacheSetting)
   在 ZyGames.Framework.Game.Runtime.RuntimeHost.OnStart()


