Time:2017-03-23 17:03:29:206-Compile assembly:DynamicScripts.CsScript error:
[Error] File:e:\ServerTools\code\Wrath of warriors\server\server\Script\CsScript\Action\Action1703.cs, Line:64
Message:当前上下文中不存在名称“_guildName”
[Error] File:e:\ServerTools\code\Wrath of warriors\server\server\Script\CsScript\Action\Action1703.cs, Line:70
Message:已在此范围定义了名为“guild”的局部变量
[Error] File:e:\ServerTools\code\Wrath of warriors\server\server\Script\CsScript\Action\Action1703.cs, Line:73
Message:当前上下文中不存在名称“_guildName”


Time:2017-03-23 17:03:29:236-Trace>>Script init error:System.Exception: The csharp script compile error
   在 ZyGames.Framework.Script.CSharpRuntimeScope.CompileCsharp()
   在 ZyGames.Framework.Script.CSharpRuntimeScope.Load()
   在 ZyGames.Framework.Script.CSharpRuntimeScope.Init()
   在 ZyGames.Framework.Script.ScriptRuntimeDomain.CreateScope(ScriptSettupInfo settupInfo)
   在 ZyGames.Framework.Script.ScriptEngines.InitScriptRuntimeScope()
   在 ZyGames.Framework.Script.ScriptEngines.Initialize().


Time:2017-03-23 17:03:29:251-Trace>>OnInit error:System.Exception: The csharp script compile error
   在 ZyGames.Framework.Script.ScriptEngines.Initialize()
   在 ZyGames.Framework.Game.Runtime.GameEnvironment.Start(EnvironmentSetting setting, CacheSetting cacheSetting)
   在 ZyGames.Framework.Game.Runtime.RuntimeHost.OnStart()


Time:2017-03-23 17:13:29:315-Compile assembly:DynamicScripts.CsScript error:
[Error] File:e:\ServerTools\code\Wrath of warriors\server\server\Script\CsScript\Action\Action1703.cs, Line:74
Message:“GameServer.Script.Model.Enum.RequestGuildResult”并不包含“NoAuthority”的定义
[Error] File:e:\ServerTools\code\Wrath of warriors\server\server\Script\CsScript\Action\Action1703.cs, Line:83
Message:“GameServer.Script.Model.Enum.RequestGuildResult”并不包含“NoAuthority”的定义
[Error] File:e:\ServerTools\code\Wrath of warriors\server\server\Script\CsScript\Action\Action1703.cs, Line:88
Message:“GameServer.Script.Model.Enum.RequestGuildResult”并不包含“NoAuthority”的定义
[Error] File:e:\ServerTools\code\Wrath of warriors\server\server\Script\CsScript\Action\Action1703.cs, Line:105
Message:已在此范围定义了名为“guild”的局部变量
[Error] File:e:\ServerTools\code\Wrath of warriors\server\server\Script\CsScript\Action\Action1703.cs, Line:108
Message:当前上下文中不存在名称“_guildName”


Time:2017-03-23 17:13:29:329-Trace>>DoWatcherChanged error:System.Exception: The csharp script compile error
   在 ZyGames.Framework.Script.CSharpRuntimeScope.CompileCsharp()
   在 ZyGames.Framework.Script.CSharpRuntimeScope.InitCsharp()
   在 ZyGames.Framework.Script.ScriptEngines.DoWatcherChanged(Object state)


